Mon 04 Mar 2019 12:24:51 PM CET	START NEW PANEL:
Eta Panel added

Mon 04 Mar 2019 12:25:01 PM CET	 PCB POSITIONING Table: 
PTFE pins positioned
PCBs checked for defects
PCBs positioned on ref plates
PCBs associated to the panel: 
20MNMBSE100067 20MNMBSE200064 20MNMBSE300030 20MNMBSE400040 20MNMBSE500072

Mon 04 Mar 2019 12:25:34 PM CET	 PCB ALIGNMENT Table: 
10 reference pins positioned
Setup electronics for C-CCD reading
Running the C-CCD program for the table
Read C-CCD
Setup electronics for C-CCD reading
Running the C-CCD program for the table
Read C-CCD
Setup electronics for C-CCD reading
Running the C-CCD program for the table
Read C-CCD
Setup electronics for C-CCD reading
Running the C-CCD program for the table
Read C-CCD
Setup electronics for C-CCD reading
Running the C-CCD program for the table
Read C-CCD
Setup electronics for C-CCD reading
Running the C-CCD program for the table
Read C-CCD
Setup electronics for C-CCD reading
Running the C-CCD program for the table
Read C-CCD
Setup electronics for C-CCD reading
Running the C-CCD program for the table
Read C-CCD
Setup electronics for C-CCD reading
Running the C-CCD program for the table
Read C-CCD
Setup electronics for C-CCD reading
Running the C-CCD program for the table
Read C-CCD
Setup electronics for C-CCD reading
Running the C-CCD program for the table
Read C-CCD
Setup electronics for C-CCD reading
Running the C-CCD program for the table
Read C-CCD
Setup electronics for C-CCD reading
Running the C-CCD program for the table
Read C-CCD
Setup electronics for C-CCD reading
Running the C-CCD program for the table
Read C-CCD
Setup electronics for C-CCD reading
Running the C-CCD program for the table
Read C-CCD
Setup electronics for C-CCD reading
Running the C-CCD program for the table
Read C-CCD
Setup electronics for C-CCD reading
Running the C-CCD program for the table
Read C-CCD
Setup electronics for C-CCD reading
Running the C-CCD program for the table
Read C-CCD
Setup electronics for C-CCD reading
Running the C-CCD program for the table
Read C-CCD
Setup electronics for C-CCD reading
Running the C-CCD program for the table
Read C-CCD
Setup electronics for C-CCD reading
Running the C-CCD program for the table
Read C-CCD
Setup electronics for C-CCD reading
Running the C-CCD program for the table
Read C-CCD
Setup electronics for C-CCD reading
Running the C-CCD program for the table
Read C-CCD
Setup electronics for C-CCD reading
Running the C-CCD program for the table
Read C-CCD
Setup electronics for C-CCD reading
Running the C-CCD program for the table
Read C-CCD
Setup electronics for C-CCD reading
Running the C-CCD program for the table
Read C-CCD
Setup electronics for C-CCD reading
Running the C-CCD program for the table
Read C-CCD
Setup electronics for C-CCD reading
Running the C-CCD program for the table
Read C-CCD
Setup electronics for C-CCD reading
Running the C-CCD program for the table
Read C-CCD
Setup electronics for C-CCD reading
Running the C-CCD program for the table
Read C-CCD
Setup electronics for C-CCD reading
Running the C-CCD program for the table
Read C-CCD
Setup electronics for C-CCD reading
Running the C-CCD program for the table
Read C-CCD
Setup electronics for C-CCD reading
Running the C-CCD program for the table
Read C-CCD
Setup electronics for C-CCD reading
Running the C-CCD program for the table
Read C-CCD
Setup electronics for C-CCD reading
Running the C-CCD program for the table
Read C-CCD
Setup electronics for C-CCD reading
Running the C-CCD program for the table
Read C-CCD
Setup electronics for C-CCD reading
Running the C-CCD program for the table
Read C-CCD
Setup electronics for C-CCD reading
Running the C-CCD program for the table
Read C-CCD
Setup electronics for C-CCD reading
Running the C-CCD program for the table
Read C-CCD
Setup electronics for C-CCD reading
Running the C-CCD program for the table
Read C-CCD
Setup electronics for C-CCD reading
Running the C-CCD program for the table
Read C-CCD
Clean PCBs
Vacuum turned on for blocking
Closing gaps
PCB holes covered
Cut outs closed
Kapton strips added
Diagonals covered
Calling pressmon.vi
Done with pressure monitoring
Calling readpress.vi
Done with reading pressure
Done with Rasmask reading
Reference pins removed
Mapping table:
pillar:   /home/atlas/Micromegas/ProdData/mapping/mapping_trap_201903411057.txt
PCB tested
int_sx:   /home/atlas/Micromegas/ProdData/mapping/mapping_trap_201903411072.txt 
int_dx:   /home/atlas/Micromegas/ProdData/mapping/mapping_trap_201903411077.txt 
ext_sx:   /home/atlas/Micromegas/ProdData/mapping/mapping_trap_201903411080.txt 
ext_dx:   /home/atlas/Micromegas/ProdData/mapping/mapping_trap_201903411083.txt 
Reference pins re-positioned
Vacuum removed
Cleanliness checked
Interconnections glued
Glue cured
Vacuum switched on
Reference pins removed (2nd time)
Done all

Mon 04 Mar 2019 06:15:27 PM CET	 PCB POSITIONING Stiffback: 
PCBs checked for defects
Mapping table:
pillar:   /home/atlas/Micromegas/ProdData/mapping/mapping_trap_201903411097.txt
int_sx:   /home/atlas/Micromegas/ProdData/mapping/mapping_trap_201903411111.txt 
int_dx:   /home/atlas/Micromegas/ProdData/mapping/mapping_trap_201903411113.txt 
ext_sx:   /home/atlas/Micromegas/ProdData/mapping/mapping_trap_201903411116.txt 
ext_dx:   /home/atlas/Micromegas/ProdData/mapping/mapping_trap_201903411119.txt 
PCBs positioned on ref plates
20MNMBSE100079 20MNMBSE200059 20MNMBSE300028 20MNMBSE400061 20MNMBSE500075


Tue 05 Mar 2019 02:40:04 PM CET	 PCB ALIGNMENT Stiffback: 
Clean PCBs
10 reference pins positioned
Setup electronics for C-CCD reading
Running the C-CCD program for the stiffback
Read C-CCD
Setup electronics for C-CCD reading
Running the C-CCD program for the stiffback
Read C-CCD
Setup electronics for C-CCD reading
Running the C-CCD program for the stiffback
Read C-CCD
Setup electronics for C-CCD reading
Running the C-CCD program for the stiffback
Read C-CCD
Setup electronics for C-CCD reading
Running the C-CCD program for the stiffback
Read C-CCD
Setup electronics for C-CCD reading
Running the C-CCD program for the stiffback
Read C-CCD
Setup electronics for C-CCD reading
Running the C-CCD program for the stiffback
Read C-CCD
Setup electronics for C-CCD reading
Running the C-CCD program for the stiffback
Read C-CCD
Setup electronics for C-CCD reading
Running the C-CCD program for the stiffback
Read C-CCD
Setup electronics for C-CCD reading
Running the C-CCD program for the stiffback
Read C-CCD
Setup electronics for C-CCD reading
Running the C-CCD program for the stiffback
Read C-CCD
Setup electronics for C-CCD reading
Running the C-CCD program for the stiffback
Read C-CCD
Setup electronics for C-CCD reading
Running the C-CCD program for the stiffback
Read C-CCD
Setup electronics for C-CCD reading
Running the C-CCD program for the stiffback
Read C-CCD
Setup electronics for C-CCD reading
Running the C-CCD program for the stiffback
Read C-CCD
Setup electronics for C-CCD reading
Running the C-CCD program for the stiffback
Read C-CCD
Setup electronics for C-CCD reading
Running the C-CCD program for the stiffback
Read C-CCD
Setup electronics for C-CCD reading
Running the C-CCD program for the stiffback
Read C-CCD
Setup electronics for C-CCD reading
Running the C-CCD program for the stiffback
Read C-CCD
Setup electronics for C-CCD reading
Running the C-CCD program for the stiffback
Read C-CCD
Setup electronics for C-CCD reading
Running the C-CCD program for the stiffback
Read C-CCD
Setup electronics for C-CCD reading
Running the C-CCD program for the stiffback
Read C-CCD
Setup electronics for C-CCD reading
Running the C-CCD program for the stiffback
Read C-CCD
Setup electronics for C-CCD reading
Running the C-CCD program for the stiffback
Read C-CCD
Setup electronics for C-CCD reading
Running the C-CCD program for the stiffback
Read C-CCD
Setup electronics for C-CCD reading
Running the C-CCD program for the stiffback
Read C-CCD
Setup electronics for C-CCD reading
Running the C-CCD program for the stiffback
Read C-CCD
Setup electronics for C-CCD reading
Running the C-CCD program for the stiffback
Read C-CCD
Setup electronics for C-CCD reading
Running the C-CCD program for the stiffback
Read C-CCD
Driver disconnected
/home/atlas/Micromegas/ProdData/C_CCD/Data/Stiffback/Results20190305160705.txt
Vacuum turned on for blocking
Closing gaps
PCB holes covered
Cut outs closed
Green disks added
Calling pressmon.vi
Done with pressure monitoring
Calling readpress.vi
Done with reading pressure
Done with Rasmask reading
Reference pins removed
Mapping table:
pillar:   /home/atlas/Micromegas/ProdData/mapping/mapping_trap_201903510971.txt
PCB tested
int_sx:   /home/atlas/Micromegas/ProdData/mapping/mapping_trap_201903510986.txt 
int_dx:   /home/atlas/Micromegas/ProdData/mapping/mapping_trap_201903510989.txt 
ext_sx:   /home/atlas/Micromegas/ProdData/mapping/mapping_trap_201903510992.txt 
ext_dx:   /home/atlas/Micromegas/ProdData/mapping/mapping_trap_201903510995.txt 
Done all
Setup electronics for C-CCD reading
Running the C-CCD program for the table
Read C-CCD
Setup electronics for C-CCD reading
Running the C-CCD program for the table
Read C-CCD
Setup electronics for C-CCD reading
Running the C-CCD program for the table
Read C-CCD
Setup electronics for C-CCD reading
Running the C-CCD program for the table
Read C-CCD
Setup electronics for C-CCD reading
Running the C-CCD program for the table
Read C-CCD
Setup electronics for C-CCD reading
Running the C-CCD program for the table
Read C-CCD
Setup electronics for C-CCD reading
Running the C-CCD program for the table
Read C-CCD

Wed 06 Mar 2019 09:36:36 AM CET	 ADD FRAME: 
External frames positioned
Internal frames positioned
Frames: 
4 20MNMFRIM00001
6 20MNMFDIM00003 
INT1: 7
INT2: xxx
INT3: 143
INT4: 254
EXT1: 118
EXT2: 375
EXT3: 216
EXT4: 60
EXT5: 365
EXT6: 207


Wed 06 Mar 2019 09:38:40 AM CET	 ADD HONEYCOMB: 
Adding honeycomb part
Honeycomb: 
HC5:	9_1A	20MNMHCS500125
HC4:	17B	20MNMHOCS00285_17B	20MNMHCS400125
HC3:	24AF	20MNMHOCS00292_24AF	20MNMHCS300125
HC2:	12F	20MNMHOCS00280_12F	20MNMHCS200125
HC1:	913	20MNMHCS100125


Wed 06 Mar 2019 09:41:35 AM CET	 ADD COOLING BARS: 
Cooling bars pins placed
Cooling bar pins checked
Cooling bars placed
Cooling bars: 
COOL1: 20MNMCCS100078
COOL2: 20MNMCCS100077

Wed 06 Mar 2019 09:41:56 AM CET	 DRY RUN: 
FEB pins checked
FEB pins positioned
cleanliness checked
stiffback rotated
stiffback released
weights positioned
Micrometer Dry Run Completed
/home/atlas/Micromegas/ProdData/Micrometer/micrometerDryRun_1903060957.txt
Laser Dry run completed
/home/atlas/Micromegas/ProdData/mapping/mapping_201903610599.txt 
Weights and stiffback removed
Components removed
Pins added
Vacuum off
Parchment covers added

Wed 06 Mar 2019 10:05:16 AM CET	 GLUING ON TABLE: 
Vacuum on
Pins added
Dispenser mounted on cartridge
Dispenser positioned in glue machine housing

Wed 06 Mar 2019 10:15:35 AM CET	 GLUING ON TABLE: 
Vacuum on
Dispenser mounted on cartridge
Dispenser positioned in glue machine housing
Pins added
Calling Rasnik.vi
FEB pin inserts glued
Glue distributed manually
Parchments removed
Gluing done
All done

Wed 06 Mar 2019 11:12:22 AM CET	 POSITION INTERNAL STRUCTURE: 
Cooling bar pins placed
Cooling bars positioned
External frames positioned
Internal frames positioned
Honeycomb sheets positioned
Grounding jumpers screwed in
Polystyrol pieces placed
Glue on FEB inserts
FEB pins placed
Glue distributed on int frames

Wed 06 Mar 2019 11:35:57 AM CET	 STIFFBACK GLUING: 
Stiffback positioned face up
Stiffback released  and arch moved away
Parchment covers positioned
Dispenser mounted
Cartridge positioned
Gluing done
FEB pins glued
Parchment protections removed
Glue manually distributed
Done

Wed 06 Mar 2019 12:00:32 PM CET	 PANEL CLOSURE:
Stiffback moved outside the table
Stiffback rotated upside down
Stiffback moved over the ref plates
Stiffback lowered on ref plates
Stiffback released from movement arch
Movement arch moved away from the table
Cleanliness of supports checked
Weights positioned on stiffback
Micrometer Closure Completed
/home/atlas/Micromegas/ProdData/Micrometer/micrometerGluing_1903061213.txt
/home/atlas/Micromegas/ProdData/mapping/mapping_201903610599.txt 
Back of stiffback mapped
Glue cured

Wed 06 Mar 2019 12:24:17 PM CET	 STIFFBACK REMOVAL:
Vacuum removed
Weights removed
Stiffback connected to arch
Stiffback lifted
Stiffback moved away
Setup electronics for C-CCD reading
Running the C-CCD program for the table
Read C-CCD
Setup electronics for C-CCD reading
Running the C-CCD program for the table
Read C-CCD
Setup electronics for C-CCD reading
Running the C-CCD program for the table
Read C-CCD

Thu 07 Mar 2019 10:32:24 AM CET	 QAQC VACUUM ON:
Vacuum switched on
Mapping table:
pillar:   /home/atlas/Micromegas/ProdData/mapping/mapping_trap_201903710635.txt
int_sx:   /home/atlas/Micromegas/ProdData/mapping/mapping_trap_201903710658.txt 
int_dx:   /home/atlas/Micromegas/ProdData/mapping/mapping_trap_201903710663.txt 
ext_sx:   /home/atlas/Micromegas/ProdData/mapping/mapping_trap_201903710667.txt 
ext_dx:   /home/atlas/Micromegas/ProdData/mapping/mapping_trap_201903710670.txt 
QAQC vacuum on done

Fri 01 Jan 1904 01:00:00 AM CET	 GLUING ON PIN/INSERT: 
Vacuum checked
electroerosion pin inserted
glue deposited in slotted and circ. insert
Two inserts positioned
vertical tool positioned
pins pushed down
three screws tightened
Blocking plate positioned and screwed
Planarity checked
Glue cured
Vertical tools removed
Electroerosion pin removed

Mon 11 Mar 2019 09:44:21 AM CET	 QAQC VACUUM OFF:
Vacuum switched off
Tooling removed
Mapping table:
pillar:   /home/atlas/Micromegas/ProdData/mapping/mapping_trap_2019031110609.txt
int_sx:   /home/atlas/Micromegas/ProdData/mapping/mapping_trap_2019031110625.txt 
int_dx:   /home/atlas/Micromegas/ProdData/mapping/mapping_trap_2019031110629.txt 
ext_sx:   /home/atlas/Micromegas/ProdData/mapping/mapping_trap_2019031110632.txt 
ext_dx:   /home/atlas/Micromegas/ProdData/mapping/mapping_trap_2019031110635.txt 
QAQC vacuum off done

Mon 11 Mar 2019 10:39:17 AM CET	 QAQC VACUUM ON:
Vacuum switched on
Mapping table:
pillar:   /home/atlas/Micromegas/ProdData/mapping/mapping_trap_2019031110655.txt
int_sx:   /home/atlas/Micromegas/ProdData/mapping/mapping_trap_2019031110670.txt 
int_dx:   /home/atlas/Micromegas/ProdData/mapping/mapping_trap_2019031110673.txt 
ext_sx:   /home/atlas/Micromegas/ProdData/mapping/mapping_trap_2019031110677.txt 
ext_dx:   /home/atlas/Micromegas/ProdData/mapping/mapping_trap_2019031110679.txt 
QAQC vacuum on done

Mon 11 Mar 2019 11:22:42 AM CET	 QAQC VACUUM OFF:
Vacuum switched off
Tooling removed
Mapping table:
pillar:   /home/atlas/Micromegas/ProdData/mapping/mapping_trap_2019031110684.txt
int_sx:   /home/atlas/Micromegas/ProdData/mapping/mapping_trap_2019031110699.txt 
int_dx:   /home/atlas/Micromegas/ProdData/mapping/mapping_trap_2019031110702.txt 
ext_sx:   /home/atlas/Micromegas/ProdData/mapping/mapping_trap_2019031110706.txt 
ext_dx:   /home/atlas/Micromegas/ProdData/mapping/mapping_trap_2019031110708.txt 
QAQC vacuum off done

Mon 11 Mar 2019 11:51:01 AM CET	 CONSTRUCTION FINALIZATION: 
Rotating machine moved on top of panel
Machine lowered
Vacuum switched on
Machine lifted
Panel moved away
Panel positioned on testing table
