Wed 26 Sep 2018 11:56:59 AM CEST	START NEW PANEL:
Eta Panel added

Wed 26 Sep 2018 11:57:12 AM CEST	 PCB POSITIONING Table: 
PTFE pins positioned
PCBs checked for defects
PCBs positioned on ref plates
PCBs associated to the panel: 
20MNMBSE100061 20MNMBSE200057 20MNMBSE300051 20MNMBSE400070 20MNMBSE500064

Wed 26 Sep 2018 12:28:36 PM CEST	 PCB ALIGNMENT Table: 
Clean PCBs
10 reference pins positioned
Vacuum turned on for blocking
Closing gaps
PCB holes covered
Cut outs closed
Kapton strips added
Diagonals covered
Calling pressmon.vi
Done with pressure monitoring
Calling readpress.vi
Done with reading pressure
Setup electronics for C-CCD reading
Running the C-CCD program for the table
Read C-CCD
Driver disconnected
/home/atlas/Micromegas/ProdData/C_CCD/Data/Table/Results20180926151059.txt
Done with Rasmask reading
Reference pins removed
Mapping table:
pillar:   /home/atlas/Micromegas/ProdData/mapping/mapping_trap_2018092610924.txt
PCB tested
int_sx:   /home/atlas/Micromegas/ProdData/mapping/mapping_trap_2018092610947.txt 
int_dx:   /home/atlas/Micromegas/ProdData/mapping/mapping_trap_2018092610950.txt 
ext_sx:   /home/atlas/Micromegas/ProdData/mapping/mapping_trap_2018092610956.txt 
ext_dx:   /home/atlas/Micromegas/ProdData/mapping/mapping_trap_2018092610961.txt 
Reference pins re-positioned
Vacuum removed
Cleanliness checked
Interconnections glued
Glue cured
Vacuum switched on
Reference pins removed (2nd time)
Done all

Thu 27 Sep 2018 09:59:49 AM CEST	 PCB POSITIONING Stiffback: 
PCBs checked for defects
Mapping table:
pillar:   /home/atlas/Micromegas/ProdData/mapping/mapping_trap_2018092710604.txt
int_sx:   /home/atlas/Micromegas/ProdData/mapping/mapping_trap_2018092710620.txt 
int_dx:   /home/atlas/Micromegas/ProdData/mapping/mapping_trap_2018092710623.txt 
ext_sx:   /home/atlas/Micromegas/ProdData/mapping/mapping_trap_2018092710625.txt 
ext_dx:   /home/atlas/Micromegas/ProdData/mapping/mapping_trap_2018092710628.txt 
PCBs positioned on ref plates
20MNMBSE100035 20MNMBSE200074 20MNMBSE300038 20MNMBSE400037 20MNMBSE500073

Thu 27 Sep 2018 10:40:08 AM CEST	 PCB ALIGNMENT Stiffback: 
Clean PCBs
10 reference pins positioned
Vacuum turned on for blocking
Closing gaps
Cut outs closed
Kapton strips added
Green disks added
PCB holes covered
Calling pressmon.vi
Done with pressure monitoring
Calling readpress.vi
Done with reading pressure
Setup electronics for C-CCD reading
Running the C-CCD program for the stiffback
Read C-CCD
Driver disconnected
/home/atlas/Micromegas/ProdData/C_CCD/Data/Stiffback/Results20180927145824.txt
Done with Rasmask reading
Reference pins removed
Mapping table:
pillar:   /home/atlas/Micromegas/ProdData/mapping/mapping_trap_2018092710905.txt
PCB tested
int_sx:   /home/atlas/Micromegas/ProdData/mapping/mapping_trap_2018092710930.txt 
int_dx:   /home/atlas/Micromegas/ProdData/mapping/mapping_trap_2018092710934.txt 
ext_sx:   /home/atlas/Micromegas/ProdData/mapping/mapping_trap_2018092710970.txt 
ext_dx:   /home/atlas/Micromegas/ProdData/mapping/mapping_trap_2018092710973.txt 
Done all

Fri 28 Sep 2018 09:18:52 AM CEST	 ADD COOLING BARS: 
Cooling bars pins placed
Cooling bar pins checked
Cooling bars placed
Cooling bars: 
COOL1: 20MNMCCS100041
COOL2: 20MNMCCS100046

Fri 28 Sep 2018 09:40:40 AM CEST	 ADD FRAME: 
External frames positioned
Internal frames positioned
Frames: 
4 20MNMFRIM00001
6 20MNMFDIM00003 
INT1: 25
INT2: 90
INT3: 187
INT4: 240
EXT1: 107
EXT2: 353
EXT3: 243
EXT4: 31
EXT5: 277
EXT6: 139

Fri 28 Sep 2018 09:43:44 AM CEST	 ADD HONEYCOMB: 
Adding honeycomb part
Honeycomb: 
HC5:	4G	20MNMHOCS00272_4G	20MNMHCS50109
HC4:	16H	20MNMHOCS00284_16H	20MNMHCS40109
HC3:	20I	20MNMHOCS00288_20I	20MNMHCS30109
HC2:	21A	20MNMHOCS00289_21A	20MNMHCS20109
HC1:	7D	20MNMHOCS00275_7D	20MNMHCS10109

Fri 28 Sep 2018 09:45:32 AM CEST	 DRY RUN: 
FEB pins checked
FEB pins positioned
cleanliness checked
stiffback rotated
stiffback released
weights positioned
Micrometer Dry Run Completed
/home/atlas/Micromegas/ProdData/Micrometer/micrometerDryRun_1809281001.txt
Laser Dry run completed
/home/atlas/Micromegas/ProdData/mapping/mapping_2018092810604.txt 
Weights and stiffback removed
Components removed
Pins added
Vacuum off
Parchment covers added

Fri 28 Sep 2018 11:11:30 AM CEST	 GLUING ON TABLE: 
Vacuum on
Pins added
Dispenser mounted on cartridge
Dispenser positioned in glue machine housing

Mon 01 Oct 2018 09:14:25 AM CEST	 GLUING ON TABLE: 
Vacuum on
Dispenser mounted on cartridge
Pins added
Dispenser positioned in glue machine housing
Calling Rasnik.vi
ck
Read C-CCD
Driver disconnected
/home/atlas/Micromegas/ProdData/C_CCD/Data/Stiffback/Results20181001091600.txt

Mon 01 Oct 2018 09:17:36 AM CEST	 GLUING ON TABLE: 
Vacuum on
Dispenser mounted on cartridge
Pins added
Dispenser positioned in glue machine housing
Calling Rasnik.vi
FEB pin inserts glued
Glue distributed manually
Parchments removed
Gluing done
All done

Mon 01 Oct 2018 10:06:27 AM CEST	 POSITION INTERNAL STRUCTURE: 
Cooling bar pins placed
Cooling bars positioned
External frames positioned
Glue distributed on int frames
Internal frames positioned
Honeycomb sheets positioned
Grounding jumpers screwed in
Glue on FEB inserts
FEB pins placed
Polystyrol pieces placed

Mon 01 Oct 2018 10:30:24 AM CEST	 STIFFBACK GLUING: 
Stiffback positioned face up
Stiffback released  and arch moved away
Parchment covers positioned
Dispenser mounted
Cartridge positioned
Gluing done
FEB pins glued
Parchment protections removed
Glue manually distributed
Done

Mon 01 Oct 2018 11:04:20 AM CEST	 PANEL CLOSURE:
Stiffback moved outside the table
Cleanliness of supports checked
Stiffback rotated upside down
Stiffback moved over the ref plates
Stiffback lowered on ref plates
Stiffback released from movement arch
Movement arch moved away from the table
Weights positioned on stiffback
Micrometer Closure Completed
/home/atlas/Micromegas/ProdData/Micrometer/micrometerGluing_1810011121.txt
/home/atlas/Micromegas/ProdData/mapping/mapping_2018092810604.txt 
Back of stiffback mapped
Glue cured

Tue 02 Oct 2018 09:34:05 AM CEST	 STIFFBACK REMOVAL:
Vacuum removed
Weights removed
Stiffback connected to arch
Stiffback lifted
Stiffback moved away

Tue 02 Oct 2018 09:54:50 AM CEST	 QAQC VACUUM ON:
Vacuum switched on
Mapping table:
pillar:   /home/atlas/Micromegas/ProdData/mapping/mapping_trap_201810210598.txt
int_sx:   /home/atlas/Micromegas/ProdData/mapping/mapping_trap_201810210642.txt 
int_dx:   /home/atlas/Micromegas/ProdData/mapping/mapping_trap_201810210645.txt 
ext_sx:   /home/atlas/Micromegas/ProdData/mapping/mapping_trap_201810210648.txt 
ext_dx:   /home/atlas/Micromegas/ProdData/mapping/mapping_trap_201810210650.txt 
QAQC vacuum on done

Fri 01 Jan 1904 01:00:00 AM CET	 GLUING ON PIN/INSERT: 
Vacuum checked
electroerosion pin inserted
glue deposited in slotted and circ. insert
Two inserts positioned
vertical tool positioned
pins pushed down
three screws tightened
Blocking plate positioned and screwed
Planarity checked
Glue cured
Vertical tools removed
Electroerosion pin removed

Wed 03 Oct 2018 09:53:23 AM CEST	 QAQC VACUUM OFF:
Vacuum switched off
Tooling removed
Mapping table:
pillar:   /home/atlas/Micromegas/ProdData/mapping/mapping_trap_201810310596.txt
int_sx:   /home/atlas/Micromegas/ProdData/mapping/mapping_trap_201810310614.txt 
int_dx:   /home/atlas/Micromegas/ProdData/mapping/mapping_trap_201810310617.txt 
ext_sx:   /home/atlas/Micromegas/ProdData/mapping/mapping_trap_201810310620.txt 
ext_dx:   /home/atlas/Micromegas/ProdData/mapping/mapping_trap_201810310623.txt 
QAQC vacuum off done

Wed 03 Oct 2018 10:31:24 AM CEST	 QAQC VACUUM ON:
Vacuum switched on
Mapping table:
pillar:   /home/atlas/Micromegas/ProdData/mapping/mapping_trap_201810310657.txt
int_sx:   /home/atlas/Micromegas/ProdData/mapping/mapping_trap_201810310673.txt 
int_dx:   /home/atlas/Micromegas/ProdData/mapping/mapping_trap_201810310675.txt 
ext_sx:   /home/atlas/Micromegas/ProdData/mapping/mapping_trap_201810310678.txt 
ext_dx:   /home/atlas/Micromegas/ProdData/mapping/mapping_trap_201810310680.txt 
QAQC vacuum on done

Wed 03 Oct 2018 11:28:58 AM CEST	 QAQC VACUUM OFF:
Vacuum switched off
Tooling removed
Mapping table:
pillar:   /home/atlas/Micromegas/ProdData/mapping/mapping_trap_201810310691.txt
int_sx:   /home/atlas/Micromegas/ProdData/mapping/mapping_trap_201810310707.txt 
int_dx:   /home/atlas/Micromegas/ProdData/mapping/mapping_trap_201810310709.txt 
ext_sx:   /home/atlas/Micromegas/ProdData/mapping/mapping_trap_201810310713.txt 
ext_dx:   /home/atlas/Micromegas/ProdData/mapping/mapping_trap_201810310715.txt 
QAQC vacuum off done

Wed 03 Oct 2018 12:00:53 PM CEST	 CONSTRUCTION FINALIZATION: 
Rotating machine moved on top of panel
Panel positioned on testing table
Panel moved away
Machine lifted
Vacuum switched on
Machine lowered
