Tue 17 Oct 2017 10:23:44 AM CEST	START NEW PANEL:
Stereo Panel added

Tue 17 Oct 2017 10:23:53 AM CEST	 PCB POSITIONING Table: 
PTFE pins positioned
PCBs checked for defects
Pin inserts checked
PCBs positioned in ref plates
PCBs associated to the panel: 
20MNMBSS10 20MNMBSS20 20MNMBSS30 20MNMBSS40 20MNMBSS50

Tue 17 Oct 2017 10:24:06 AM CEST	 PCB ALIGNMENT Table: 
10 reference pins positioned
Vacuum turned on for blocking
Closing gaps
Calling pressmon.vi
Done with pressure monitoring
Calling readpress.vi
Done with reading pressure
Setup electronics for C-CCD reading
Running the C-CCD program for the table
Read C-CCD
/home/atlas/Micromegas/ProdData/C_CCD/Data/Table/Results20171017102428.txt
Reference pins removed
Done with Rasmask reading
Mapping table:
pillar:   /home/atlas/Micromegas/ProdData/mapping/mapping_trap_2017091910707.txt
int_sx:   /home/atlas/Micromegas/ProdData/mapping/mapping_trap_2017091910602.txt 
int_dx:   /home/atlas/Micromegas/ProdData/mapping/mapping_trap_2017091910605.txt 
ext_sx:   /home/atlas/Micromegas/ProdData/mapping/mapping_trap_2017091910608.txt 
ext_dx:   /home/atlas/Micromegas/ProdData/mapping/mapping_trap_2017091910610.txt 
PCB tested
Interconnections placed
Done all

Tue 17 Oct 2017 11:10:25 AM CEST	 PCB POSITIONING Stiffback: 
PTFE pins positioned
PCBs checked for defects
Pin inserts checked
PCBs positioned in ref plates
PCBs associated to the panel: 
20MNMBSS10 20MNMBSS20 20MNMBSS30 20MNMBSS40 20MNMBSS50

Tue 17 Oct 2017 11:10:35 AM CEST	 PCB ALIGNMENT Stiffback: 
10 reference pins positioned
Vacuum turned on for blocking
Closing gaps
Calling pressmon.vi
Done with pressure monitoring
Calling readpress.vi
Done with reading pressure
Setup electronics for C-CCD reading
Running the C-CCD program for the stiffback
Read C-CCD
/home/atlas/Micromegas/ProdData/C_CCD/Data/Stiffback/Results20171017111049.txt
Done with Rasmask reading
Reference pins removed
Stiffback moved over table
Stiffback lowered on table
Arch released
Arch moved away
Mapping table:
pillar:   /home/atlas/Micromegas/ProdData/mapping/mapping_trap_2017091910707.txt
int_sx:   /home/atlas/Micromegas/ProdData/mapping/mapping_trap_2017091910602.txt 
int_dx:   /home/atlas/Micromegas/ProdData/mapping/mapping_trap_2017091910605.txt 
ext_sx:   /home/atlas/Micromegas/ProdData/mapping/mapping_trap_2017091910608.txt 
ext_dx:   /home/atlas/Micromegas/ProdData/mapping/mapping_trap_2017091910610.txt 
PCB tested
Interconnections placed
Done all

Tue 17 Oct 2017 11:14:15 AM CEST	 ADD FRAME: 
External frames positioned
Internal frames positioned
Frames associated to the panel: 
INT1:  INT2:  INT3:  INT4:  EXT1:  EXT2:  EXT3 :  EXT4:  EXT5:  EXT6:  

Tue 17 Oct 2017 11:14:27 AM CEST	 ADD HONEYCOMB: 
Adding honeycomb part
Honeycombs associated to the panel: 
HC5:  HC4:  HC3:   HC2:  HC1: 

Tue 17 Oct 2017 11:14:34 AM CEST	 ADD COOLING BARS: 
External cooling bars added
Cooling bars associated to the panel: 
COOL1:  COOL2: 

Tue 17 Oct 2017 11:14:42 AM CEST	 DRY RUN: 
cleanliness checked
stiffback rotated
stiffback moved
stiffback lowered
stiffback released
weights positioned
Micrometer Dry Run Completed
/home/atlas/Micromegas/ProdData/Micrometer/micrometerDryRun_1710021108.txt
Laser Dry run completed
 /home/atlas/Micromegas/ProdData/mapping/mapping_2017091410711.txt 
Stiffback removed from table

Tue 17 Oct 2017 11:15:01 AM CEST	 GLUING ON TABLE: 
Internal parts removed
Parchment positioned
Dispenser mounted on cartridge
Dispenser positioned in glue machine housing
FEB pins glued
Parchments removed
Gluing done
All done

Tue 17 Oct 2017 11:15:17 AM CEST	 POSITION INTERNAL STRUCTURE: 
External frames positioned
Internal frames positioned
Honeycomb sheets positioned
Grounds jumpers screwed in
Polystyrol pieces placed
Cooling bars positioned

Tue 17 Oct 2017 11:15:26 AM CEST	 STIFFBACK GLUING: 
Stiffback moved over ref plates
Stiffback lowered on ref plates
Stiffback released from movement arch
Stiffback moved away from table
Parchment covers positioned
Dispenser mounted
Cartridge positioned
Gluing done
FEB pins glued
Parchment protections removed
Done

Tue 17 Oct 2017 11:15:45 AM CEST	 PANEL CLOSURE:
Stiffback moved outside the table
Cleanliness of supports checked
Stiffback rotated upside down
Stiffback moved over the ref plates
Stiffback lowered on ref plates
Stiffback released from movement arch
Movement arch moved outside the table
Weights positioned on stiffback
Micrometer Closure Completed
/home/atlas/Micromegas/ProdData/Micrometer/micrometerGluing_1710161008.txt
 /home/atlas/Micromegas/ProdData/mapping/mapping_2017091410711.txt 
Back of stiffback mapped
Glue cured

Tue 17 Oct 2017 11:16:13 AM CEST	 STIFFBACK REMOVAL:
Vacuum removed
Weights removed
Stiffback connected to arch
Stiffback lifted
Stiffback moved away

Tue 17 Oct 2017 11:16:21 AM CEST	 QAQC VACUUM ON:
Vacuum switched on
Mapping table:
pillar:   /home/atlas/Micromegas/ProdData/mapping/mapping_trap_2017091910707.txt
int_sx:   /home/atlas/Micromegas/ProdData/mapping/mapping_trap_2017091910602.txt 
int_dx:   /home/atlas/Micromegas/ProdData/mapping/mapping_trap_2017091910605.txt 
ext_sx:   /home/atlas/Micromegas/ProdData/mapping/mapping_trap_2017091910608.txt 
ext_dx:   /home/atlas/Micromegas/ProdData/mapping/mapping_trap_2017091910610.txt 
QAQC vacuum on done

Tue 17 Oct 2017 11:16:33 AM CEST	 GLUING ON PIN/INSERT: 
glue deposited on alignment pin grooves
alignment pin positioned
Vertical positioning tool placed
Manually push down pins
three screws tightened
blocking plate positioned
planarity checked
second pin positioned
electroerosion pin inserted in slotted insert
glue deposited on slotted insert
insert positioned in hole
vertical positioning tool positioned
Manually push down pins
three screws tightened
blocking plate screwed
planarity checked
Glue cured
Vertical tools removed
Electroerosion pin removed
Vacuum checked

Tue 17 Oct 2017 11:17:20 AM CEST	 QAQC VACUUM OFF:
Vacuum switched off
Tooling removed
Mapping table:
pillar:   /home/atlas/Micromegas/ProdData/mapping/mapping_trap_2017091910707.txt
int_sx:   /home/atlas/Micromegas/ProdData/mapping/mapping_trap_2017091910602.txt 
int_dx:   /home/atlas/Micromegas/ProdData/mapping/mapping_trap_2017091910605.txt 
ext_sx:   /home/atlas/Micromegas/ProdData/mapping/mapping_trap_2017091910608.txt 
ext_dx:   /home/atlas/Micromegas/ProdData/mapping/mapping_trap_2017091910610.txt 
QAQC vacuum off done

Tue 17 Oct 2017 11:17:33 AM CEST	 CONSTRUCTION FINALIZATION: 
Rotating machine moved on top of panel
Machine lowered
Vacuum switched on
Machine lifted
Panel moved away
Panel positioned on testing table
