Fri 31 Mar 2017 06:20:59 PM CEST	START NEW PANEL:
 Eta Panel added

Fri 31 Mar 2017 06:21:11 PM CEST	 PCB POSITIONING Table: 
PTFE pins positioned
PCBs checked for defects
Pin inserts and interconnections checked
PCBs positioned in ref plates
PCBs associated to frame: 
BSE1-0-3 BSE2-0-3 BSE3-0-3 BSE4-0-3 BSE5-0-3 1-64
Fri 31 Mar 2017 06:22:40 PM CEST	 PCB POSITIONING Table: 
PTFE pins positioned
PCBs checked for defects
Pin inserts and interconnections checked
PCBs positioned in ref plates
PCBs associated to frame: 
BSE1-0-2 BSE2-0-2 BSE3-0-2 BSE4-0-2 BSE5-0-2 1-64
Fri 31 Mar 2017 06:26:57 PM CEST	 PCB POSITIONING Table: 
PTFE pins positioned
PCBs checked for defects
Pin inserts and interconnections checked
PCBs positioned in ref plates
PCBs associated to frame: 
BSE1-0-1 BSE2-0-1 BSE3-0-1 BSE4-0-1 BSE5-0-1 1-64
Fri 31 Mar 2017 06:30:15 PM CEST	 PCB POSITIONING Table: 
PTFE pins positioned
PCBs checked for defects
Pin inserts and interconnections checked
PCBs positioned in ref plates
PCBs associated to frame: 
BSE1-0-1 BSE2-0-1 BSE3-0-1 BSE4-0-1 BSE5-0-1 1-64
Fri 31 Mar 2017 06:31:39 PM CEST	 PCB POSITIONING Table: 
PTFE pins positioned
PCBs checked for defects
Pin inserts and interconnections checked
PCBs positioned in ref plates
PCBs associated to frame: 
BSE1-0-1 BSE2-0-1 BSE3-0-1 BSE4-0-1 BSE5-0-1 1-64
Fri 31 Mar 2017 06:32:05 PM CEST	 PCB POSITIONING Table: 
PTFE pins positioned
PCBs checked for defects
Pin inserts and interconnections checked
PCBs positioned in ref plates
PCBs associated to frame: 
BSE1-0-1 BSE2-0-1 BSE3-0-1 BSE4-0-1 BSE5-0-1 1-64