Thu 09 Mar 2017 02:57:10 PM CET	START NEW PANEL:
 Eta Panel added

Thu 09 Mar 2017 03:04:25 PM CET	 PCB POSITIONING Table: 
PTFE pins positioned
PCBs checked for defects
Pin inserts and interconnections checked
PCBs positioned in ref plates
PCBs associated to frame: 
BSE1-0-12 BSE2-0-12 BSE3-0-12 BSE4-0-12 BSE5-0-12 1-64
Thu 09 Mar 2017 04:52:20 PM CET	 PCB POSITIONING Table: 
PTFE pins positioned
PCBs checked for defects
Pin inserts and interconnections checked
PCBs positioned in ref plates
PCBs associated to frame: 
BSE1-0-13 BSE2-0-13 BSE3-0-13 BSE4-0-13 BSE5-0-13 1-64
Thu 09 Mar 2017 04:57:31 PM CET	 PCB POSITIONING Table: 
PCBs checked for defects
PTFE pins positioned
Pin inserts and interconnections checked
PCBs positioned in ref plates
PCBs associated to frame: 
BSE1-0-13 BSE2-0-13 BSE3-0-13 BSE4-0-13 BSE5-0-13 1-64