Wed 22 Feb 2017 02:37:38 PM CET	START NEW PANEL:
 Eta Panel added

Wed 22 Feb 2017 02:38:13 PM CET	 PCB POSITIONING Table: 
PTFE pins positioned
PCBs checked for defects
Pin inserts and interconnections checked
PCBs positioned in ref plates
PCBs associated to frame: 
BSE1-0-SE5M001 BSE2-0-SE4M006 BSE3-0-SE3M003 BSE4-0-SE2M001 BSE5-0-SE1M002 1-64
Wed 22 Feb 2017 02:43:31 PM CET	 PCB ALIGNMENT Table: 
10 reference pins positioned
Closing gaps
Closing gaps
Closing gaps
Closing gaps
Closing gaps
Closing gaps
Closing gaps
Closing gaps
Closing gaps
Closing gaps
Closing gaps
Closing gaps
Closing gaps
Closing gaps
Closing gaps
Closing gaps
Closing gaps
Closing gaps
Closing gaps
Closing gaps
Closing gaps
Closing gaps
Closing gaps
Closing gaps
Closing gaps
Closing gaps
Closing gaps
Closing gaps
Closing gaps
Closing gaps
Closing gaps
Closing gaps
Closing gaps
Closing gaps
Closing gaps
Closing gaps
Closing gaps
Closing gaps
Closing gaps
Closing gaps
Closing gaps
Closing gaps
Closing gaps
Vacuum turned on for blocking
Closing gaps
Closing gaps
Closing gaps
Closing gaps
Closing gaps
Closing gaps
Closing gaps
Closing gaps
Closing gaps
Closing gaps
Closing gaps
Closing gaps
Closing gaps
Closing gaps
Closing gaps
Closing gaps
Closing gaps
Closing gaps
Closing gaps
Closing gaps
Closing gaps
Closing gaps
Closing gaps
Calling pressmon.vi
Closing gaps
Done with pressure monitoring
Closing gaps
Closing gaps
Closing gaps
Closing gaps
Closing gaps
Closing gaps
Closing gaps
Closing gaps
Closing gaps
Closing gaps
Closing gaps
Closing gaps
Closing gaps
Closing gaps
Closing gaps
Closing gaps
Closing gaps
Closing gaps
Closing gaps
Closing gaps
Closing gaps
Closing gaps
Closing gaps
Closing gaps
Closing gaps
Closing gaps
Closing gaps
Closing gaps
Closing gaps
Closing gaps
Closing gaps
Closing gaps
Closing gaps
Closing gaps
Closing gaps
Closing gaps
Closing gaps
Closing gaps
Closing gaps
Closing gaps
Closing gaps
Closing gaps
Closing gaps
Closing gaps
Closing gaps
Closing gaps
Closing gaps
Closing gaps
Closing gaps
Closing gaps
Closing gaps
Closing gaps
Closing gaps
Closing gaps
Closing gaps
Closing gaps
Closing gaps
Closing gaps
Closing gaps
Closing gaps
Closing gaps
Closing gaps
Closing gaps
Closing gaps
Closing gaps
Closing gaps
Closing gaps
Closing gaps
Closing gaps
Closing gaps
Closing gaps
Closing gaps
Closing gaps
Closing gaps
Closing gaps
Closing gaps
Closing gaps
Closing gaps
Closing gaps
Closing gaps
Closing gaps
Closing gaps
Closing gaps
Closing gaps
Closing gaps
Closing gaps
Closing gaps
Closing gaps
Closing gaps
Closing gaps
Closing gaps
Closing gaps
Closing gaps
Closing gaps
Closing gaps
Closing gaps
Closing gaps
Closing gaps
Closing gaps
Closing gaps
Closing gaps
Closing gaps
Closing gaps
Closing gaps
Closing gaps
Closing gaps
Closing gaps
Closing gaps
Closing gaps
Closing gaps
Closing gaps
Closing gaps
Closing gaps
Closing gaps
Closing gaps
Closing gaps
Closing gaps
Closing gaps
Closing gaps
Closing gaps
Closing gaps
Closing gaps
Closing gaps
Closing gaps
Closing gaps
Closing gaps
Closing gaps
Closing gaps
Closing gaps
Closing gaps
Closing gaps
Closing gaps
Closing gaps
Closing gaps
Closing gaps
Closing gaps
Closing gaps
Closing gaps
Closing gaps
Closing gaps
Closing gaps
Closing gaps
Closing gaps
Closing gaps
Closing gaps
Closing gaps
Closing gaps
Closing gaps
Closing gaps
Closing gaps
Closing gaps
Closing gaps
Closing gaps
Closing gaps
Closing gaps
Closing gaps
Closing gaps
Closing gaps
Closing gaps
Closing gaps
Closing gaps
Closing gaps
Closing gaps
Closing gaps
Closing gaps
Closing gaps
Closing gaps
Closing gaps
Closing gaps
Closing gaps
Closing gaps
Closing gaps
Closing gaps
Closing gaps
Closing gaps
Closing gaps
Closing gaps
Closing gaps
Closing gaps
Closing gaps
Closing gaps
Closing gaps
Calling readpress.vi
Done with reading pressure
Calling Rasnik.vi
Closing gaps
Closing gaps
Closing gaps
Closing gaps
Closing gaps
Closing gaps
Closing gaps
Closing gaps
Closing gaps
Closing gaps
Closing gaps
Closing gaps
Closing gaps
Closing gaps
Closing gaps
Closing gaps
Closing gaps
Closing gaps
Closing gaps
Closing gaps
Closing gaps
Closing gaps
Closing gaps
Closing gaps
Closing gaps
Closing gaps
Closing gaps
Closing gaps
Closing gaps
Closing gaps
Closing gaps
Closing gaps
Closing gaps
Closing gaps
Closing gaps
Closing gaps
Closing gaps
Closing gaps
Closing gaps
Closing gaps
Closing gaps
Closing gaps
Closing gaps
Closing gaps
Closing gaps
Closing gaps
Closing gaps
Closing gaps
Closing gaps
Closing gaps
Closing gaps
Closing gaps
Closing gaps
Closing gaps
Closing gaps
Closing gaps
Closing gaps
Closing gaps
Closing gaps
Closing gaps
Closing gaps
Closing gaps
Closing gaps
Closing gaps
Closing gaps
Closing gaps
Closing gaps
Closing gaps
Closing gaps
Closing gaps
Closing gaps
Closing gaps
Closing gaps
Closing gaps
Closing gaps
Closing gaps
Closing gaps
Closing gaps
Closing gaps
Closing gaps
Closing gaps
Closing gaps
Closing gaps
Closing gaps
Closing gaps
Closing gaps
Closing gaps
Closing gaps
Closing gaps
Closing gaps
Closing gaps
Closing gaps
Closing gaps
Closing gaps
Closing gaps
Closing gaps
Closing gaps
Closing gaps
Closing gaps
Closing gaps
Closing gaps
Closing gaps
Closing gaps
Closing gaps
Closing gaps
Closing gaps
Closing gaps
Closing gaps
Closing gaps
Closing gaps
Closing gaps
Closing gaps
Closing gaps
Closing gaps
Closing gaps
Closing gaps
Closing gaps
Closing gaps
Closing gaps
Closing gaps
Closing gaps
Closing gaps
Closing gaps
Closing gaps
Closing gaps
Closing gaps
Closing gaps
Closing gaps
Closing gaps
Closing gaps
Closing gaps
Closing gaps
Closing gaps
Closing gaps
Closing gaps
Closing gaps
Closing gaps
Closing gaps
Closing gaps
Closing gaps
Closing gaps
Closing gaps
Closing gaps
Closing gaps
Closing gaps
Closing gaps
Closing gaps
Closing gaps
Closing gaps
Closing gaps
Closing gaps
Closing gaps
Closing gaps
Closing gaps
Closing gaps
Closing gaps
Closing gaps
Closing gaps
Closing gaps
Closing gaps
Done with Rasmask reading
Closing gaps
Closing gaps
Closing gaps
Closing gaps
Closing gaps
Closing gaps
Closing gaps
Closing gaps
Closing gaps
Closing gaps
Closing gaps
Closing gaps
Closing gaps
Closing gaps
Closing gaps
Closing gaps
Closing gaps
Closing gaps
Closing gaps
Closing gaps
Closing gaps
Closing gaps
Closing gaps
Closing gaps
Closing gaps
Closing gaps
Closing gaps
Closing gaps
Closing gaps
Closing gaps
Closing gaps
Closing gaps
Closing gaps
Closing gaps
Closing gaps
Closing gaps
Closing gaps
Closing gaps
Closing gaps
Closing gaps
Closing gaps
Closing gaps
Closing gaps
Closing gaps
Closing gaps
Closing gaps
Closing gaps
Closing gaps
Closing gaps
Closing gaps
Closing gaps
Closing gaps
Closing gaps
Closing gaps
Closing gaps
Closing gaps
Closing gaps
Closing gaps
Closing gaps
Closing gaps
Closing gaps
Closing gaps
Closing gaps
Closing gaps
Closing gaps
Closing gaps
Closing gaps
Closing gaps
Closing gaps
Closing gaps
Closing gaps
Closing gaps
Closing gaps
Closing gaps
Closing gaps
Closing gaps
Closing gaps
Closing gaps
Closing gaps
Closing gaps
Closing gaps
Closing gaps
Closing gaps
Closing gaps
Closing gaps
Closing gaps
Closing gaps
Closing gaps
Closing gaps
Closing gaps
Closing gaps
Closing gaps
Closing gaps
Closing gaps
Closing gaps
Closing gaps
Closing gaps
Closing gaps
Closing gaps
Closing gaps
Closing gaps
Closing gaps
Closing gaps
Closing gaps
Closing gaps
Closing gaps
Closing gaps
Closing gaps
Closing gaps
Closing gaps
Closing gaps
Closing gaps
Closing gaps
Closing gaps
Closing gaps
Closing gaps
Closing gaps
Closing gaps
Closing gaps
Closing gaps
Closing gaps
Closing gaps
Closing gaps
Closing gaps
Closing gaps
Closing gaps
Closing gaps
Closing gaps
Closing gaps
Closing gaps
Closing gaps
Closing gaps
Closing gaps
Closing gaps
Closing gaps
Closing gaps
Closing gaps
Closing gaps
Closing gaps
Closing gaps
Closing gaps
Closing gaps
Closing gaps
Closing gaps
Closing gaps
Closing gaps
Closing gaps
Closing gaps
Closing gaps
Closing gaps
Closing gaps
Closing gaps
Closing gaps
Closing gaps
Closing gaps
Closing gaps
Closing gaps
Closing gaps
Closing gaps
Closing gaps
Closing gaps
Closing gaps
Closing gaps
Closing gaps
Closing gaps
Closing gaps
Closing gaps
Closing gaps
Closing gaps
Closing gaps
Closing gaps
Closing gaps
Closing gaps
Closing gaps
Closing gaps
Closing gaps
Closing gaps
Closing gaps
Closing gaps
Closing gaps
Closing gaps
Closing gaps
Closing gaps
Closing gaps
Closing gaps
Closing gaps
Closing gaps
Closing gaps
Closing gaps
Closing gaps
Closing gaps
Closing gaps
Closing gaps
Closing gaps
Closing gaps
Closing gaps
Closing gaps
Closing gaps
Closing gaps
Closing gaps
Closing gaps
Closing gaps
Closing gaps
Closing gaps
Closing gaps
Closing gaps
Closing gaps
Closing gaps
Closing gaps
Closing gaps
Closing gaps
Closing gaps
Closing gaps
Closing gaps
Closing gaps
Closing gaps
Closing gaps
Closing gaps
Closing gaps
Closing gaps
Closing gaps
Closing gaps
Closing gaps
Closing gaps
Closing gaps
Closing gaps
Closing gaps
Closing gaps
Closing gaps
Closing gaps
Closing gaps
Closing gaps
Closing gaps
Closing gaps
Closing gaps
Closing gaps
Closing gaps
Closing gaps
Closing gaps
Closing gaps
Closing gaps
Closing gaps
Closing gaps
Closing gaps
Closing gaps
Closing gaps
Closing gaps
Closing gaps
Closing gaps
Closing gaps
Closing gaps
Closing gaps
Closing gaps
Closing gaps
Closing gaps
Closing gaps
Closing gaps
Closing gaps
Closing gaps
Closing gaps
Closing gaps
Closing gaps
Closing gaps
Closing gaps
Closing gaps
Closing gaps
Closing gaps
Closing gaps
Closing gaps
Closing gaps
Closing gaps
Closing gaps
Closing gaps
Closing gaps
Closing gaps
Closing gaps
Closing gaps
Closing gaps
Closing gaps
Closing gaps
Closing gaps
Closing gaps
Closing gaps
Closing gaps
Closing gaps
Closing gaps
Closing gaps
Closing gaps
Closing gaps
Closing gaps
Closing gaps
Closing gaps
Closing gaps
Closing gaps
Closing gaps
Closing gaps
Closing gaps
Closing gaps
Closing gaps
Closing gaps
Closing gaps
Closing gaps
Closing gaps
Closing gaps
Closing gaps
Closing gaps
Closing gaps
Closing gaps
Closing gaps
Closing gaps
Closing gaps
Closing gaps
Closing gaps
Closing gaps
Closing gaps
Closing gaps
Closing gaps
Closing gaps
Closing gaps
Closing gaps
Closing gaps
Closing gaps
Closing gaps
Closing gaps
Closing gaps
Closing gaps
Closing gaps
Closing gaps
Closing gaps
Closing gaps
Closing gaps
Closing gaps
Closing gaps
Closing gaps
Closing gaps
Closing gaps
Closing gaps
Closing gaps
Closing gaps
Closing gaps
Closing gaps
Closing gaps
Closing gaps
Closing gaps
Closing gaps
Closing gaps
Closing gaps
Closing gaps
Closing gaps
Closing gaps
Closing gaps
Closing gaps
Closing gaps
Closing gaps
Closing gaps
Closing gaps
Closing gaps
Closing gaps
Closing gaps
Closing gaps
Closing gaps
Closing gaps
Closing gaps
Closing gaps
Closing gaps
Closing gaps
Closing gaps
Closing gaps
Closing gaps
Closing gaps
Closing gaps
Closing gaps
Closing gaps
Closing gaps
Closing gaps
Closing gaps
Closing gaps
Closing gaps
Closing gaps
Closing gaps
Closing gaps
Closing gaps
Closing gaps
Closing gaps
Closing gaps
Closing gaps
Closing gaps
Closing gaps
Closing gaps
Closing gaps
Closing gaps
Closing gaps
Closing gaps
Closing gaps
Closing gaps
Closing gaps
Closing gaps
Closing gaps
Closing gaps
Closing gaps
Closing gaps
Closing gaps
Closing gaps
Closing gaps
Closing gaps
Closing gaps
Closing gaps
Closing gaps
Closing gaps
Closing gaps
Closing gaps
Closing gaps
Closing gaps
Closing gaps
Closing gaps
Closing gaps
Closing gaps
Closing gaps
Closing gaps
Closing gaps
Closing gaps
Closing gaps
Closing gaps
Closing gaps
Closing gaps
Closing gaps
Closing gaps
Closing gaps
Closing gaps
Closing gaps
Closing gaps
Closing gaps
Closing gaps
Closing gaps
Closing gaps
Closing gaps
Closing gaps
Closing gaps
Closing gaps
Closing gaps
Closing gaps
Closing gaps
Closing gaps
Closing gaps
Closing gaps
Closing gaps
Closing gaps
Closing gaps
Closing gaps
Closing gaps
Closing gaps
Closing gaps
Closing gaps
Closing gaps
Closing gaps
Closing gaps
Closing gaps
Closing gaps
Closing gaps
Closing gaps
Closing gaps
Closing gaps
Closing gaps
Closing gaps
Closing gaps
Closing gaps
Closing gaps
Closing gaps
Closing gaps
Closing gaps
Closing gaps
Closing gaps
Closing gaps
Closing gaps
Closing gaps
Closing gaps
Closing gaps
Closing gaps
Closing gaps
Closing gaps
Closing gaps
Closing gaps
Closing gaps
Closing gaps
Closing gaps
Closing gaps
Closing gaps
Closing gaps
Closing gaps
Closing gaps
Closing gaps
Closing gaps
Closing gaps
Closing gaps
Closing gaps
Closing gaps
Closing gaps
Closing gaps
Closing gaps
Closing gaps
Closing gaps
Closing gaps
Closing gaps
Closing gaps
Closing gaps
Closing gaps
Closing gaps
Closing gaps
Closing gaps
Closing gaps
Closing gaps
Closing gaps
Closing gaps
Closing gaps
Closing gaps
Closing gaps
Closing gaps
Closing gaps
Closing gaps
Closing gaps
Closing gaps
Closing gaps
Closing gaps
Closing gaps
Closing gaps
Closing gaps
Closing gaps
Closing gaps
Closing gaps
Closing gaps
Closing gaps
Closing gaps
Closing gaps
Closing gaps
Closing gaps
Closing gaps
Closing gaps
Closing gaps
Closing gaps
Closing gaps
Closing gaps
Closing gaps
Closing gaps
Closing gaps
Closing gaps
Closing gaps
Closing gaps
Closing gaps
Closing gaps
Closing gaps
Closing gaps
Closing gaps
Closing gaps
Closing gaps
Closing gaps
Closing gaps
Closing gaps
Closing gaps
Closing gaps
Closing gaps
Closing gaps
Closing gaps
Closing gaps
Closing gaps
Closing gaps
Closing gaps
Closing gaps
Closing gaps
Closing gaps
Closing gaps
Closing gaps
Closing gaps
Closing gaps
Closing gaps
Closing gaps
Closing gaps
Closing gaps
Closing gaps
Closing gaps
Closing gaps
Closing gaps
Closing gaps
Closing gaps
Closing gaps
Closing gaps
Closing gaps
Closing gaps
Closing gaps
Closing gaps
Closing gaps
Closing gaps
Closing gaps
Closing gaps
Closing gaps
Closing gaps
Closing gaps
Closing gaps
Closing gaps
Closing gaps
Closing gaps
Closing gaps
Closing gaps
Closing gaps
Closing gaps
Closing gaps
Closing gaps
Closing gaps
Closing gaps
Closing gaps
Closing gaps
Closing gaps
Closing gaps
Closing gaps
Closing gaps
Closing gaps
Closing gaps
Closing gaps
Closing gaps
Closing gaps
Closing gaps
Closing gaps
Closing gaps
Closing gaps
Closing gaps
Closing gaps
Closing gaps
Closing gaps
Closing gaps
Closing gaps
Closing gaps
Closing gaps
Closing gaps
Closing gaps
Closing gaps
Closing gaps
Closing gaps
Closing gaps
Closing gaps
Closing gaps
Closing gaps
Closing gaps
Closing gaps
Closing gaps
Closing gaps
Closing gaps
Closing gaps
Closing gaps
Closing gaps
Closing gaps
Closing gaps
Closing gaps
Closing gaps
Closing gaps
Closing gaps
Closing gaps
Closing gaps
Closing gaps
Closing gaps
Closing gaps
Closing gaps
Closing gaps
Closing gaps
Closing gaps
Closing gaps
Closing gaps
Closing gaps
Closing gaps
Closing gaps
Closing gaps
Closing gaps
Closing gaps
Closing gaps
Closing gaps
Closing gaps
Closing gaps
Closing gaps
Closing gaps
Closing gaps
Closing gaps
Closing gaps
Closing gaps
Closing gaps
Closing gaps
Closing gaps
Closing gaps
Closing gaps
Closing gaps
Closing gaps
Closing gaps
Closing gaps
Closing gaps
Closing gaps
Closing gaps
Closing gaps
Closing gaps
Closing gaps
Closing gaps
Closing gaps
Closing gaps
Closing gaps
Closing gaps
Closing gaps
Closing gaps
Closing gaps
Closing gaps
Closing gaps
Closing gaps
Closing gaps
Closing gaps
Closing gaps
Closing gaps
Closing gaps
Closing gaps
Closing gaps
Closing gaps
Closing gaps
Closing gaps
Closing gaps
Closing gaps
Closing gaps
Closing gaps
Closing gaps
Closing gaps
Closing gaps
Closing gaps
Closing gaps
Closing gaps
Closing gaps
Closing gaps
Closing gaps
Closing gaps
Closing gaps
Closing gaps
Closing gaps
Closing gaps
Closing gaps
Closing gaps
Closing gaps
Closing gaps
Closing gaps
Closing gaps
Closing gaps
Closing gaps
Closing gaps
Closing gaps
Closing gaps
Closing gaps
Closing gaps
Closing gaps
Closing gaps
Closing gaps
Closing gaps
Closing gaps
Closing gaps
Closing gaps
Closing gaps
Closing gaps
Closing gaps
Closing gaps
Closing gaps
Closing gaps
Closing gaps
Closing gaps
Closing gaps
Closing gaps
Closing gaps
Closing gaps
Closing gaps
Closing gaps
Closing gaps
Closing gaps
Closing gaps
Closing gaps
Closing gaps
Closing gaps
Closing gaps
Closing gaps
Closing gaps
Closing gaps
Closing gaps
Closing gaps
Closing gaps
Closing gaps
Closing gaps
Closing gaps
Closing gaps
Closing gaps
Closing gaps
Closing gaps
Closing gaps
Closing gaps
Closing gaps
Closing gaps
Closing gaps
Closing gaps
Closing gaps
Closing gaps
Closing gaps
Closing gaps
Closing gaps
Closing gaps
Closing gaps
Closing gaps
Closing gaps
Closing gaps
Closing gaps
Closing gaps
Closing gaps
Closing gaps
Closing gaps
Closing gaps
Closing gaps
Closing gaps
Closing gaps
Closing gaps
Closing gaps
Closing gaps
Closing gaps
Closing gaps
Closing gaps
Closing gaps
Closing gaps
Closing gaps
Closing gaps
Closing gaps
Closing gaps
Closing gaps
Closing gaps
Closing gaps
Closing gaps
Closing gaps
Closing gaps
Closing gaps
Closing gaps
Closing gaps
Closing gaps
Closing gaps
Closing gaps
Closing gaps
Closing gaps
Closing gaps
Closing gaps
Closing gaps
Closing gaps
Closing gaps
Closing gaps
Closing gaps
Closing gaps
Closing gaps
Closing gaps
Closing gaps
Closing gaps
Closing gaps
Closing gaps
Closing gaps
Closing gaps
Closing gaps
Closing gaps
Closing gaps
Closing gaps
Closing gaps
Closing gaps
Closing gaps
Closing gaps
Closing gaps
Closing gaps
Closing gaps
Closing gaps
Closing gaps
Closing gaps
Closing gaps
Closing gaps
Closing gaps
Closing gaps
Closing gaps
Closing gaps
Closing gaps
Closing gaps
Closing gaps
Closing gaps
Closing gaps
Closing gaps
Closing gaps
Closing gaps
Closing gaps
Closing gaps
Closing gaps
Closing gaps
Closing gaps
Closing gaps
Closing gaps
Closing gaps
Closing gaps
Closing gaps
Closing gaps
Closing gaps
Closing gaps
Closing gaps
Closing gaps
Closing gaps
Closing gaps
Closing gaps
Closing gaps
Closing gaps
Closing gaps
Closing gaps
Closing gaps
Closing gaps
Closing gaps
Closing gaps
Closing gaps
Closing gaps
Closing gaps
Closing gaps
Closing gaps
Closing gaps
Closing gaps
Closing gaps
Closing gaps
Closing gaps
Closing gaps
Closing gaps
Closing gaps
Closing gaps
Closing gaps
Closing gaps
Closing gaps
Closing gaps
Closing gaps
Closing gaps
Closing gaps
Closing gaps
Closing gaps
Closing gaps
Closing gaps
Closing gaps
Closing gaps
Closing gaps
Closing gaps
Closing gaps
Closing gaps
Closing gaps
Closing gaps
Closing gaps
Closing gaps
Closing gaps
Closing gaps
Closing gaps
Closing gaps
Closing gaps
Closing gaps
Closing gaps
Closing gaps
Closing gaps
Closing gaps
Closing gaps
Closing gaps
Closing gaps
Closing gaps
Closing gaps
Closing gaps
Closing gaps
Closing gaps
Closing gaps
Closing gaps
Closing gaps
Closing gaps
Closing gaps
Closing gaps
Closing gaps
Closing gaps
Closing gaps
Closing gaps
Closing gaps
Closing gaps
Closing gaps
Closing gaps
Closing gaps
Closing gaps
Closing gaps
Closing gaps
Closing gaps
Closing gaps
Closing gaps
PCB gaps closed
Closing gaps
Closing gaps
Closing gaps
Closing gaps
Closing gaps
Closing gaps
Closing gaps
Closing gaps
Closing gaps
Closing gaps
Closing gaps
Closing gaps
Closing gaps
Closing gaps
Closing gaps
Closing gaps
Closing gaps
Closing gaps
Closing gaps
Closing gaps
Closing gaps
Closing gaps
Closing gaps
Closing gaps
Closing gaps
Closing gaps
Closing gaps
Closing gaps
Closing gaps
Reference pins removed
Closing gaps
PCB tested

Wed 22 Feb 2017 02:57:20 PM CET	 PCB POSITIONING Stiffback: 
PTFE pins positioned
PCBs checked for defects
Pin inserts and interconnections checked
PCBs positioned in ref plates
PCBs associated to frame: 
BSE1-0-SE5 M002 BSE2-0-SE4 734 BSE3-0-SE3 M002 BSE4-0-SE2 m006 BSE5-0-SE1 M001 1-64
Wed 22 Feb 2017 02:58:15 PM CET	 PCB ALIGNMENT Stiffback: 
10 reference pins positioned
Closing gaps
Closing gaps
Closing gaps
Closing gaps
Closing gaps
Closing gaps
Closing gaps
Closing gaps
Closing gaps
Closing gaps
Closing gaps
Closing gaps
Closing gaps
Closing gaps
Closing gaps
Closing gaps
Closing gaps
Closing gaps
Closing gaps
Closing gaps
Closing gaps
Closing gaps
Closing gaps
Closing gaps
Closing gaps
Closing gaps
Closing gaps
Closing gaps
Closing gaps
Closing gaps
Closing gaps
Closing gaps
Closing gaps
Closing gaps
Closing gaps
Closing gaps
Closing gaps
Closing gaps
Closing gaps
Closing gaps
Closing gaps
Closing gaps
Closing gaps
Closing gaps
Closing gaps
Closing gaps
Closing gaps
Closing gaps
Closing gaps
Closing gaps
Closing gaps
Closing gaps
Closing gaps
Vacuum turned on for blocking
Closing gaps
Closing gaps
Closing gaps
Closing gaps
Closing gaps
Closing gaps
Closing gaps
Closing gaps
Closing gaps
Closing gaps
Closing gaps
Closing gaps
Closing gaps
Closing gaps
Closing gaps
Closing gaps
Closing gaps
Closing gaps
Closing gaps
Closing gaps
Closing gaps
Closing gaps
Closing gaps
Closing gaps
Closing gaps
Calling pressmon.vi
Closing gaps
Done with pressure monitoring
Closing gaps
Closing gaps
Closing gaps
Closing gaps
Closing gaps
Closing gaps
Closing gaps
Closing gaps
Closing gaps
Closing gaps
Closing gaps
Closing gaps
Closing gaps
Calling readpress.vi
Done with reading pressure
Closing gaps
Closing gaps
Closing gaps
Closing gaps
Closing gaps
Closing gaps
Closing gaps
Closing gaps
Closing gaps
Closing gaps
Closing gaps
Closing gaps
Closing gaps
Closing gaps
Closing gaps
Closing gaps
Closing gaps
Closing gaps
Closing gaps
Closing gaps
Closing gaps
Closing gaps
Closing gaps
Closing gaps
Calling Rasnik.vi
Closing gaps
Closing gaps
Closing gaps
Closing gaps
Closing gaps
Closing gaps
Closing gaps
Closing gaps
Closing gaps
Closing gaps
Closing gaps
Closing gaps
Closing gaps
Closing gaps
Closing gaps
Closing gaps
Closing gaps
Closing gaps
Closing gaps
Closing gaps
Closing gaps
Closing gaps
Closing gaps
Closing gaps
Closing gaps
Closing gaps
Closing gaps
Closing gaps
Closing gaps
Closing gaps
Closing gaps
Closing gaps
Closing gaps
Closing gaps
Closing gaps
Closing gaps
Closing gaps
Closing gaps
Closing gaps
Closing gaps
Closing gaps
Closing gaps
Closing gaps
Closing gaps
Closing gaps
Closing gaps
Closing gaps
Closing gaps
Closing gaps
Closing gaps
Closing gaps
Closing gaps
Closing gaps
Closing gaps
Closing gaps
Closing gaps
Closing gaps
Closing gaps
Closing gaps
Closing gaps
Closing gaps
Closing gaps
Closing gaps
Closing gaps
Closing gaps
Closing gaps
Closing gaps
Closing gaps
Closing gaps
Done with Rasmask reading
Closing gaps
Reference pins removed
PCB gaps closed
Closing gaps
Stiffback moved over table
Stiffback lowered on table
Arch released
Arch moved away
PCB tested

Wed 22 Feb 2017 03:53:23 PM CET	 ADD FRAME: 
External frames positioned
Internal frames positioned

Wed 22 Feb 2017 03:55:15 PM CET	 ADD FRAME: 
External frames positioned
Internal frames positioned
Frames associated to PCBs: 
INT1:  1INT2:  1INT3:  1INT4:  1EXT1:  1EXT2:  1EXT3  : 1EXT4:  1EXT5:  1EXT6:  1 
Wed 22 Feb 2017 03:59:19 PM CET	 ADD HONEYCOMB: 
Adding honeycomb part
Honeycombs associated to PCBs: 
HC1: 2HC2: 2HC3: 2HC4: 2HC5: 2 
Wed 22 Feb 2017 03:59:40 PM CET	 ADD COOLING BARS: 
External cooling bars added
Cooling bars associated to PCBs: 
COOL1: 3COOL2: 3 
Wed 22 Feb 2017 04:19:29 PM CET	 DRY RUN: 
stiffback alignment pins mounted
cleanliness checked
stiffback rotated
stiffback moved
stiffback lowered
stiffback released
weights positioned
Micrometer Dry Run Completed
Gauge machine Dry run completed
Stiffback removed from table
