Mon 03 Apr 2017 09:59:59 AM CEST	START NEW PANEL:
 Eta Panel added

Mon 03 Apr 2017 10:00:10 AM CEST	 PCB POSITIONING Stiffback: 
PTFE pins positioned
PCBs checked for defects
Pin inserts and interconnections checked
PCBs positioned in ref plates
PCBs associated to frame: 
BSE1-0-s BSE2-0-ads BSE3-0-ads BSE4-0-d BSE5-0-f 1-64
Mon 03 Apr 2017 10:10:02 AM CEST	 PCB POSITIONING Table: 
PTFE pins positioned
PCBs checked for defects
Pin inserts and interconnections checked
PCBs positioned in ref plates
PCBs associated to frame: 
BSE1-0-qwe BSE2-0-2e BSE3-0-2e BSE4-0-2 BSE5-0-wqe 1-64
Mon 03 Apr 2017 10:12:21 AM CEST	 PCB POSITIONING Table: 
PTFE pins positioned
PCBs checked for defects
Pin inserts and interconnections checked
PCBs positioned in ref plates
PCBs associated to frame: 
BSE1-0-ads BSE2-0-as BSE3-0-af BSE4-0-adsf BSE5-0-d 1-64
Mon 03 Apr 2017 10:13:18 AM CEST	 PCB POSITIONING Table: 
PTFE pins positioned
PCBs checked for defects
Pin inserts and interconnections checked
PCBs positioned in ref plates
PCBs associated to frame: 
BSE1-0-ads BSE2-0-as BSE3-0-af BSE4-0-adsf BSE5-0-d 1-64
Mon 03 Apr 2017 10:14:35 AM CEST	 PCB POSITIONING Table: 
PTFE pins positioned
PCBs checked for defects
Pin inserts and interconnections checked
PCBs positioned in ref plates
PCBs associated to frame: 
BSE1-0-sasa BSE2-0-sasa BSE3-0-saas BSE4-0-dsds BSE5-0-sdffsd 1-64
Mon 03 Apr 2017 10:14:54 AM CEST	 PCB ALIGNMENT Table: 

Mon 03 Apr 2017 10:15:53 AM CEST	 PCB POSITIONING Table: 
PTFE pins positioned
PCBs checked for defects
Pin inserts and interconnections checked
PCBs positioned in ref plates
PCBs associated to frame: 
BSE1-0-12 BSE2-0-123 BSE3-0-123 BSE4-0-23 BSE5-0-2342 1-64
Mon 03 Apr 2017 10:16:38 AM CEST	 PCB POSITIONING Table: 
PTFE pins positioned
PCBs checked for defects
Pin inserts and interconnections checked
PCBs positioned in ref plates
PCBs associated to frame: 
BSE1-0- BSE2-0- BSE3-0- BSE4-0- BSE5-0- 1-64
Mon 03 Apr 2017 10:17:21 AM CEST	 PCB POSITIONING Table: 
PTFE pins positioned
PCBs checked for defects
Pin inserts and interconnections checked
PCBs positioned in ref plates
PCBs associated to frame: 
BSE1-0- BSE2-0- BSE3-0- BSE4-0- BSE5-0- 1-64
Mon 03 Apr 2017 10:19:44 AM CEST	 PCB POSITIONING Table: 
PTFE pins positioned
PCBs checked for defects
Pin inserts and interconnections checked
PCBs positioned in ref plates
PCBs associated to frame: 
BSE1-0- BSE2-0- BSE3-0- BSE4-0- BSE5-0- 1-64
Mon 03 Apr 2017 10:22:29 AM CEST	 PCB POSITIONING Table: 
PTFE pins positioned
PCBs checked for defects
Pin inserts and interconnections checked
PCBs positioned in ref plates
PCBs associated to frame: 
BSE1-0- BSE2-0- BSE3-0- BSE4-0- BSE5-0- 1-64
Mon 03 Apr 2017 10:35:10 AM CEST	 PCB POSITIONING Table: 
PTFE pins positioned
PCBs positioned in ref plates
Pin inserts and interconnections checked
PCBs checked for defects

Mon 03 Apr 2017 11:02:25 AM CEST	 PCB POSITIONING Table: 
PTFE pins positioned
PCBs checked for defects
PCBs positioned in ref plates
Pin inserts and interconnections checked

Mon 03 Apr 2017 11:31:39 AM CEST	 PCB POSITIONING Table: 
PTFE pins positioned
Pin inserts and interconnections checked
PCBs checked for defects
PCBs positioned in ref plates

Mon 03 Apr 2017 11:31:48 AM CEST	 PCB POSITIONING Table: 
PTFE pins positioned
PCBs checked for defects
PCBs positioned in ref plates
Pin inserts and interconnections checked
PCBs associated to frame: 
BSE1-0- BSE2-0- BSE3-0- BSE4-0- BSE5-0- 1-64
Mon 03 Apr 2017 11:46:35 AM CEST	 PCB POSITIONING Table: 
PTFE pins positioned
PCBs checked for defects
Pin inserts and interconnections checked
PCBs positioned in ref plates
PCBs associated to frame: 
BSE1-0- BSE2-0- BSE3-0- BSE4-0- BSE5-0- 1-64