Fri 31 Mar 2017 05:37:02 PM CEST	START NEW PANEL:
 Eta Panel added

Fri 31 Mar 2017 05:37:16 PM CEST	 PCB POSITIONING Table: 
PCBs checked for defects
Pin inserts and interconnections checked
PTFE pins positioned
PCBs positioned in ref plates
PCBs associated to frame: 
BSE1-0-1 BSE2-0-1 BSE3-0-2 BSE4-0-4 BSE5-0-3 1-64
Fri 31 Mar 2017 05:49:23 PM CEST	 PCB POSITIONING Table: 
PTFE pins positioned
PCBs checked for defects
Pin inserts and interconnections checked
PCBs positioned in ref plates
PCBs associated to frame: 
BSE1-0- BSE2-0- BSE3-0- BSE4-0- BSE5-0- 1-64
Fri 31 Mar 2017 05:49:43 PM CEST	 PCB POSITIONING Table: 
PTFE pins positioned
PCBs checked for defects
Pin inserts and interconnections checked
PCBs positioned in ref plates
PCBs associated to frame: 
BSE1-0- BSE2-0- BSE3-0- BSE4-0- BSE5-0- 1-64
Fri 31 Mar 2017 05:50:58 PM CEST	 PCB POSITIONING Table: 
PTFE pins positioned
PCBs positioned in ref plates
PCBs checked for defects
Pin inserts and interconnections checked
PCBs associated to frame: 
BSE1-0- BSE2-0- BSE3-0- BSE4-0- BSE5-0- 1-64
Fri 31 Mar 2017 05:51:07 PM CEST	 PCB POSITIONING Table: 
PTFE pins positioned
Pin inserts and interconnections checked
PCBs checked for defects
PCBs positioned in ref plates
PCBs associated to frame: 
BSE1-0-3 BSE2-0-3 BSE3-0-3 BSE4-0-3 BSE5-0-3 1-64