Mon 03 Apr 2017 09:56:40 AM CEST	START NEW PANEL:
 Stereo Panel added

Mon 03 Apr 2017 09:56:51 AM CEST	 PCB POSITIONING Table: 
PTFE pins positioned
PCBs checked for defects
Pin inserts and interconnections checked
PCBs positioned in ref plates
PCBs associated to frame: 
BSS1-0-21 BSS2-0-qwe2 BSS3-0-qwe BSS4-0-qwe BSS5-0-qwe 1-64
Mon 03 Apr 2017 09:58:33 AM CEST	 PCB POSITIONING Table: 
PCBs checked for defects
PTFE pins positioned
Pin inserts and interconnections checked
PCBs positioned in ref plates
PCBs associated to frame: 
BSS1-0-21 BSS2-0-qwe2 BSS3-0-qwe BSS4-0-qwe BSS5-0-qwe 1-64
Mon 03 Apr 2017 09:59:04 AM CEST	 PCB POSITIONING Table: 
PTFE pins positioned
PCBs positioned in ref plates
PCBs checked for defects
Pin inserts and interconnections checked
PCBs associated to frame: 
BSS1-0-21 BSS2-0-qwe2 BSS3-0-qwe BSS4-0-qwe BSS5-0-qwe 1-64