Fri 31 Mar 2017 05:59:29 PM CEST	START NEW PANEL:
 Stereo Panel added

Fri 31 Mar 2017 06:01:44 PM CEST	 PCB POSITIONING Table: 
PTFE pins positioned
PCBs checked for defects
Pin inserts and interconnections checked
PCBs positioned in ref plates
PCBs associated to frame: 
BSS1-0-23 BSS2-0-3 BSS3-0-3 BSS4-0-3 BSS5-0-3 1-64
Fri 31 Mar 2017 06:10:19 PM CEST	 PCB POSITIONING Table: 
PTFE pins positioned
PCBs checked for defects
Pin inserts and interconnections checked
PCBs positioned in ref plates
PCBs associated to frame: 
BSE1-0- BSE2-0- BSE3-0- BSE4-0- BSE5-0- 1-64
Fri 31 Mar 2017 06:11:06 PM CEST	 PCB POSITIONING Table: 
PTFE pins positioned
PCBs checked for defects
Pin inserts and interconnections checked
PCBs positioned in ref plates
PCBs associated to frame: 
BSE1-0- BSE2-0- BSE3-0- BSE4-0- BSE5-0- 1-64
Fri 31 Mar 2017 06:11:58 PM CEST	 PCB POSITIONING Table: 

Fri 31 Mar 2017 06:12:35 PM CEST	 PCB POSITIONING Table: 
PTFE pins positioned
PCBs checked for defects
Pin inserts and interconnections checked
PCBs positioned in ref plates
PCBs associated to frame: 
BSE1-0- BSE2-0- BSE3-0- BSE4-0- BSE5-0- 1-64
Fri 31 Mar 2017 06:13:23 PM CEST	 PCB POSITIONING Table: 
PTFE pins positioned
PCBs checked for defects
Pin inserts and interconnections checked
PCBs positioned in ref plates
PCBs associated to frame: 
BSE1-0- BSE2-0- BSE3-0- BSE4-0- BSE5-0- 1-64
Fri 31 Mar 2017 06:14:06 PM CEST	 PCB POSITIONING Table: 
PTFE pins positioned
PCBs checked for defects
Pin inserts and interconnections checked
PCBs positioned in ref plates
PCBs associated to frame: 
BSE1-0- BSE2-0- BSE3-0- BSE4-0- BSE5-0- 1-64
Fri 31 Mar 2017 06:16:02 PM CEST	 PCB POSITIONING Table: 
PTFE pins positioned
PCBs checked for defects
Pin inserts and interconnections checked
PCBs positioned in ref plates
PCBs associated to frame: 
BSE1-0- BSE2-0- BSE3-0- BSE4-0- BSE5-0- 1-64