Fri 17 Mar 2017 12:01:57 PM CET	START NEW PANEL:
 Stereo Panel added

Tue 21 Mar 2017 11:30:02 AM CET	 PCB ALIGNMENT Tableback: 
10 reference pins positioned
Closing gaps
Closing gaps
Closing gaps
Closing gaps
Closing gaps
Closing gaps
Closing gaps
Closing gaps

Tue 21 Mar 2017 11:31:27 AM CET	 PCB ALIGNMENT Tableback: 
10 reference pins positioned
Closing gaps
Closing gaps
Closing gaps
Closing gaps
Closing gaps
Closing gaps
Closing gaps
Closing gaps
Closing gaps
Closing gaps
Closing gaps
Closing gaps
Closing gaps
Closing gaps
Closing gaps
Closing gaps
Vacuum turned on for blocking
Closing gaps
Closing gaps
Closing gaps
Closing gaps
Closing gaps
Closing gaps
Closing gaps
Closing gaps
Closing gaps
Closing gaps
Closing gaps
Closing gaps
Closing gaps
Closing gaps
Closing gaps
Closing gaps
Calling pressmon.vi
Closing gaps
Done with pressure monitoring
Closing gaps
Closing gaps
Closing gaps
Closing gaps
Closing gaps
Closing gaps
Closing gaps
Closing gaps
Closing gaps
Closing gaps
Closing gaps
Closing gaps
Closing gaps
Closing gaps
Closing gaps
Closing gaps
Closing gaps
Closing gaps
Closing gaps
Closing gaps
Closing gaps
Closing gaps
Closing gaps
Closing gaps
Closing gaps
Closing gaps
Closing gaps
Closing gaps
Closing gaps
Closing gaps
Closing gaps
Closing gaps
Closing gaps
Closing gaps
Closing gaps
Closing gaps
Closing gaps
Closing gaps
Closing gaps
Closing gaps
Closing gaps
Closing gaps
Closing gaps
Closing gaps
Closing gaps
Closing gaps
Closing gaps
Closing gaps
Closing gaps
Closing gaps
Closing gaps
Closing gaps
Closing gaps
Closing gaps
Closing gaps
Closing gaps
Closing gaps
Closing gaps
Closing gaps
Closing gaps
Closing gaps
Closing gaps
Closing gaps
Closing gaps
Closing gaps
Closing gaps
Closing gaps
Closing gaps
Closing gaps
Closing gaps
Closing gaps
Closing gaps
Closing gaps
Closing gaps
Closing gaps
Closing gaps
Closing gaps
Closing gaps
Closing gaps
Closing gaps
Closing gaps
Closing gaps
Closing gaps
Closing gaps
Closing gaps
Closing gaps
Closing gaps
Closing gaps
Closing gaps
Closing gaps
Closing gaps
Closing gaps
Closing gaps
Closing gaps
Closing gaps
Closing gaps
Closing gaps
Calling readpress.vi
Done with reading pressure
Closing gaps
Closing gaps
Closing gaps
Closing gaps
Closing gaps
Closing gaps
Closing gaps
Closing gaps
Closing gaps
Closing gaps
Closing gaps
Closing gaps
Closing gaps
Closing gaps
Closing gaps
Closing gaps
Closing gaps
Closing gaps
Closing gaps
Closing gaps
Closing gaps
Closing gaps
Closing gaps
Closing gaps
Closing gaps
Closing gaps
Closing gaps
Closing gaps
Closing gaps
Closing gaps
Closing gaps
Closing gaps
Closing gaps
Closing gaps
Closing gaps
Closing gaps
Closing gaps
Closing gaps
Closing gaps
Closing gaps
Closing gaps
Closing gaps
Closing gaps
Closing gaps
Closing gaps
Closing gaps
Closing gaps
Closing gaps
Closing gaps
Closing gaps
Closing gaps
Closing gaps
Closing gaps
Closing gaps
Closing gaps
Closing gaps
Closing gaps
Closing gaps
Closing gaps
Closing gaps
Closing gaps
Closing gaps
Closing gaps
Closing gaps
Closing gaps
Closing gaps
Closing gaps
Closing gaps
Closing gaps
Closing gaps
Closing gaps
Closing gaps
Closing gaps
Closing gaps
Closing gaps
Closing gaps
Closing gaps
Closing gaps
Closing gaps
Closing gaps
Closing gaps
Closing gaps
Closing gaps
Closing gaps
Closing gaps
Closing gaps
Closing gaps
Closing gaps
Closing gaps
Closing gaps
Closing gaps
Closing gaps
Closing gaps
Closing gaps
Closing gaps
Closing gaps
Closing gaps
Closing gaps
Closing gaps
Closing gaps
Closing gaps
Closing gaps
Closing gaps
Closing gaps
Closing gaps
Closing gaps
Closing gaps
Closing gaps
Closing gaps
Closing gaps
Closing gaps
Closing gaps
Closing gaps
Closing gaps
Closing gaps
Closing gaps
Closing gaps
Closing gaps
Closing gaps
Closing gaps
Closing gaps
Closing gaps
Closing gaps
Closing gaps
Closing gaps
Closing gaps
Closing gaps
Closing gaps
Closing gaps
Closing gaps
Closing gaps
Closing gaps
Closing gaps
Closing gaps
Closing gaps
Closing gaps
Closing gaps
Closing gaps
Closing gaps
Closing gaps
Closing gaps
Closing gaps
Closing gaps
Closing gaps
Closing gaps
Closing gaps
Closing gaps
Calling Rasnik.vi
Closing gaps
Closing gaps
Closing gaps
Closing gaps
Closing gaps
Closing gaps
Closing gaps
Closing gaps
Closing gaps
Closing gaps
Closing gaps
Closing gaps
Closing gaps
Closing gaps
Closing gaps
Closing gaps
Closing gaps
Closing gaps
Closing gaps
Closing gaps
Closing gaps
Closing gaps
Closing gaps
Closing gaps
Closing gaps
Closing gaps
Closing gaps
Closing gaps
Closing gaps
Closing gaps
Closing gaps
Closing gaps
Closing gaps
Closing gaps
Closing gaps
Closing gaps
Closing gaps
Closing gaps
Closing gaps
Closing gaps
Closing gaps
Closing gaps
Closing gaps
Closing gaps
Closing gaps
Closing gaps
Closing gaps
Closing gaps
Closing gaps
Closing gaps
Closing gaps
Closing gaps
Closing gaps
Closing gaps
Closing gaps
Closing gaps
Closing gaps
Closing gaps
Closing gaps
Closing gaps
Closing gaps
Closing gaps
Closing gaps
Closing gaps
Closing gaps
Closing gaps
Closing gaps
Closing gaps
Closing gaps
Closing gaps
Closing gaps
Closing gaps
Closing gaps
Closing gaps
Closing gaps
Closing gaps
Closing gaps
Closing gaps
Closing gaps
Closing gaps
Closing gaps
Closing gaps
Closing gaps
Closing gaps
Closing gaps
Closing gaps
Closing gaps
Closing gaps
Closing gaps
Closing gaps
Closing gaps
Closing gaps
Closing gaps
Closing gaps
Closing gaps
Closing gaps
Closing gaps
Closing gaps
Closing gaps
Closing gaps
Closing gaps
Closing gaps
Closing gaps
Closing gaps
Closing gaps
Closing gaps
Closing gaps
Done with Rasmask reading
Closing gaps
Reference pins removed
PCB gaps closed
Closing gaps
PCB tested
